SF:lib\src\helpers\extensions.dart
DA:6,4
DA:12,14
DA:18,2
LF:3
LH:3
end_of_record
SF:lib\src\helpers\shared_preferences_manager.dart
DA:12,6
DA:13,6
DA:20,6
DA:21,6
DA:28,4
DA:29,4
DA:31,8
DA:33,16
DA:34,3
DA:38,4
DA:39,4
DA:41,8
DA:42,8
DA:44,4
DA:49,5
DA:50,5
DA:52,10
DA:54,5
DA:60,5
DA:62,10
DA:63,10
DA:66,17
DA:71,1
DA:72,2
DA:73,5
DA:75,2
DA:77,2
DA:79,1
DA:84,1
DA:85,2
DA:86,5
DA:88,2
DA:90,2
DA:92,1
DA:97,2
DA:98,4
DA:100,4
DA:102,2
DA:104,6
DA:110,6
DA:111,12
DA:113,6
DA:115,6
DA:121,2
DA:123,2
DA:126,6
LF:46
LH:46
end_of_record
SF:lib\src\models\api_response.dart
DA:6,7
DA:29,12
DA:30,6
DA:31,6
DA:32,6
DA:33,6
DA:34,6
DA:35,6
DA:36,6
DA:37,6
DA:38,6
DA:39,6
DA:40,6
DA:41,12
DA:42,6
DA:43,12
DA:44,6
DA:45,6
DA:46,6
DA:47,6
DA:48,6
DA:52,8
DA:53,4
DA:63,4
DA:65,4
DA:67,4
DA:132,5
DA:133,5
DA:134,5
DA:135,5
DA:136,5
DA:137,5
DA:138,5
DA:139,5
DA:140,5
DA:141,5
DA:142,5
DA:143,10
DA:144,5
DA:145,10
DA:146,5
DA:147,5
DA:148,5
DA:149,5
DA:150,5
DA:151,5
DA:152,5
DA:157,3
DA:179,3
DA:180,3
DA:181,3
DA:182,3
DA:183,3
DA:184,3
DA:185,3
DA:186,3
DA:187,3
DA:188,3
DA:189,3
DA:190,3
DA:191,3
DA:192,2
DA:193,3
DA:194,3
DA:195,3
DA:196,3
DA:197,3
DA:198,3
DA:202,1
DA:206,1
DA:207,1
DA:208,1
DA:209,1
DA:210,2
DA:211,2
DA:212,1
DA:213,1
DA:214,1
DA:215,1
DA:216,1
DA:217,1
DA:218,1
DA:219,1
DA:223,2
DA:227,3
DA:230,2
DA:235,8
DA:237,1
DA:239,2
LF:89
LH:89
end_of_record
SF:lib\src\models\settings.dart
DA:8,7
DA:24,6
DA:25,6
DA:26,3
DA:27,3
DA:28,9
DA:30,3
DA:31,9
DA:34,3
DA:35,6
DA:36,3
DA:37,3
DA:38,3
DA:39,3
DA:40,3
DA:41,3
DA:42,3
DA:43,6
DA:47,14
DA:111,3
DA:112,3
DA:113,3
DA:114,6
DA:115,6
DA:116,6
DA:117,3
DA:118,6
DA:119,6
DA:121,3
DA:122,3
DA:123,3
DA:124,3
DA:125,3
DA:126,3
DA:127,3
DA:132,3
DA:146,3
DA:147,2
DA:149,2
DA:150,1
DA:151,2
DA:152,2
DA:154,2
DA:155,2
DA:156,2
DA:157,2
DA:158,2
DA:159,2
DA:160,2
DA:164,2
DA:169,2
DA:170,6
DA:171,6
DA:172,6
DA:173,6
DA:174,6
DA:175,6
DA:176,6
DA:177,6
DA:178,6
DA:179,6
DA:180,6
DA:181,6
DA:183,1
DA:185,1
DA:186,1
DA:187,1
DA:188,1
DA:189,1
DA:190,1
DA:191,1
DA:192,1
DA:193,1
DA:194,1
DA:195,1
DA:196,1
DA:197,1
LF:77
LH:77
end_of_record
SF:lib\src\view\helper\chucker_ui_helper.dart
DA:20,3
DA:23,18
DA:27,3
DA:32,6
DA:33,6
DA:34,3
DA:35,1
DA:36,2
DA:37,1
DA:43,1
DA:48,1
DA:49,0
DA:50,0
DA:51,0
DA:52,0
DA:63,0
DA:64,0
DA:66,0
DA:69,0
DA:74,1
DA:75,2
DA:76,3
DA:77,1
DA:78,2
DA:83,1
DA:84,1
DA:85,1
DA:87,3
DA:104,9
DA:107,4
DA:108,2
LF:31
LH:23
end_of_record
SF:lib\src\localization\localization.dart
DA:21,4
DA:24,4
DA:27,11
DA:33,3
DA:36,3
DA:38,3
DA:41,3
DA:45,6
DA:46,3
DA:49,3
DA:51,3
DA:53,2
LF:12
LH:12
end_of_record
SF:lib\src\view\helper\http_methods.dart
DA:2,9
LF:1
LH:1
end_of_record
SF:lib\src\view\helper\languages.dart
DA:5,14
LF:1
LH:1
end_of_record
SF:lib\src\view\chucker_page.dart
DA:20,10
DA:22,2
DA:23,2
DA:44,2
DA:45,2
DA:46,6
DA:47,4
DA:50,2
DA:52,2
DA:53,2
DA:56,2
DA:58,2
DA:59,2
DA:60,0
DA:61,2
DA:62,2
DA:63,2
DA:68,2
DA:70,2
DA:71,0
DA:72,0
DA:76,2
DA:77,4
DA:78,2
DA:79,2
DA:83,2
DA:85,2
DA:87,2
DA:88,2
DA:89,4
DA:92,2
DA:93,4
DA:94,2
DA:96,2
DA:97,2
DA:98,2
DA:99,6
DA:100,4
DA:101,2
DA:103,2
DA:104,6
DA:105,4
DA:106,2
DA:108,2
DA:109,4
DA:110,4
DA:111,2
DA:118,2
DA:119,0
DA:120,0
DA:122,0
DA:123,0
DA:125,2
DA:126,2
DA:129,2
DA:131,2
DA:132,2
DA:133,2
DA:134,8
DA:136,2
DA:139,2
DA:140,2
DA:142,2
DA:143,2
DA:144,2
DA:145,2
DA:146,2
DA:147,4
DA:148,2
DA:150,2
DA:152,2
DA:153,2
DA:154,2
DA:155,4
DA:156,2
DA:167,2
DA:168,10
DA:170,2
DA:171,4
DA:172,6
DA:173,8
DA:174,10
DA:176,4
DA:177,2
DA:181,0
DA:182,0
DA:183,0
DA:184,0
DA:187,2
DA:190,2
DA:191,4
DA:192,6
DA:193,8
DA:194,10
DA:196,4
DA:197,2
DA:201,0
DA:202,0
DA:203,0
DA:204,0
DA:207,2
DA:210,12
DA:212,0
DA:214,0
DA:215,0
DA:216,0
DA:217,0
DA:218,0
DA:225,0
DA:226,0
DA:227,0
DA:228,0
DA:233,0
DA:235,0
DA:236,0
DA:237,0
DA:238,0
DA:239,0
DA:246,0
DA:247,0
DA:248,0
DA:249,0
DA:250,0
DA:251,0
DA:252,0
DA:253,0
DA:254,0
DA:260,1
DA:261,2
DA:262,2
DA:263,1
DA:264,4
DA:265,2
DA:268,1
DA:272,0
DA:273,0
DA:274,0
DA:278,2
DA:279,10
DA:281,4
DA:287,0
DA:288,0
DA:289,0
DA:293,0
DA:294,0
DA:295,0
DA:301,2
LF:147
LH:98
end_of_record
SF:lib\src\view\api_detail_page.dart
DA:17,1
DA:20,1
DA:25,1
DA:27,1
DA:28,1
DA:29,1
DA:30,1
DA:31,0
DA:32,1
DA:33,1
DA:34,0
DA:35,0
DA:39,1
DA:40,0
DA:41,0
DA:47,1
DA:49,1
DA:50,1
DA:51,1
DA:53,1
DA:54,1
DA:55,3
DA:56,3
DA:57,3
DA:61,1
DA:62,1
DA:64,1
DA:65,2
DA:66,1
DA:68,3
DA:70,1
DA:72,3
LF:32
LH:27
end_of_record
SF:lib\src\view\helper\colors.dart
DA:7,4
DA:8,8
DA:10,2
DA:12,2
DA:19,5
DA:20,5
DA:21,5
DA:22,4
DA:23,4
DA:24,1
DA:25,4
DA:26,1
DA:27,4
DA:29,4
LF:14
LH:14
end_of_record
SF:lib\src\view\settings_page.dart
DA:17,10
DA:19,1
DA:20,1
DA:26,1
DA:28,1
DA:29,1
DA:30,1
DA:31,1
DA:32,0
DA:34,1
DA:36,1
DA:38,1
DA:39,3
DA:41,1
DA:42,2
DA:43,2
DA:44,1
DA:46,2
DA:47,1
DA:48,1
DA:53,1
DA:54,2
DA:55,2
DA:57,6
DA:58,1
DA:63,4
DA:64,4
DA:65,1
DA:66,3
DA:71,1
DA:72,2
DA:73,2
DA:74,1
DA:75,2
DA:76,1
DA:77,1
DA:78,1
DA:88,3
DA:90,1
DA:91,2
DA:92,2
DA:93,1
DA:94,2
DA:95,1
DA:96,1
DA:102,1
DA:103,2
DA:104,2
DA:105,1
DA:107,2
DA:108,1
DA:109,1
DA:117,3
DA:119,1
DA:120,2
DA:122,5
DA:123,2
DA:124,2
DA:125,1
DA:130,3
DA:131,3
DA:132,1
DA:133,2
DA:141,3
DA:143,1
DA:144,2
DA:145,2
DA:146,1
DA:148,2
DA:149,1
DA:150,1
DA:158,3
DA:160,1
DA:161,2
DA:162,2
DA:163,1
DA:164,2
DA:165,1
DA:166,1
DA:179,1
DA:193,3
DA:207,3
DA:208,2
DA:211,1
DA:212,3
DA:214,3
DA:216,0
DA:218,0
DA:220,0
DA:222,0
DA:224,0
DA:226,0
DA:228,0
DA:234,1
DA:242,1
DA:243,1
DA:244,1
DA:246,1
DA:247,1
DA:248,1
DA:250,1
DA:251,1
DA:253,4
DA:256,1
DA:258,4
DA:260,1
DA:264,1
DA:266,1
DA:267,3
DA:268,5
DA:277,1
DA:278,1
DA:285,1
DA:289,1
DA:291,1
DA:292,1
DA:298,1
DA:299,1
DA:301,5
DA:314,1
DA:315,1
DA:317,5
LF:122
LH:114
end_of_record
SF:lib\src\view\tabs\apis_listing.dart
DA:9,2
DA:16,2
DA:33,2
DA:34,2
DA:38,2
DA:40,6
DA:41,2
DA:42,6
DA:45,2
DA:46,2
DA:47,6
DA:48,2
DA:49,2
DA:50,2
DA:51,2
DA:52,2
DA:53,2
DA:54,4
DA:55,2
DA:56,4
DA:57,4
DA:58,0
DA:61,2
DA:62,6
LF:24
LH:23
end_of_record
SF:lib\src\view\widgets\app_bar.dart
DA:7,4
DA:11,4
DA:19,4
DA:20,4
DA:22,4
DA:28,4
DA:30,4
DA:33,4
DA:35,8
DA:37,8
LF:10
LH:10
end_of_record
SF:lib\src\view\widgets\confirmation_dialog.dart
DA:8,0
DA:14,0
DA:21,0
DA:23,0
DA:24,0
DA:25,0
DA:26,0
DA:27,0
DA:28,0
DA:29,0
DA:30,0
DA:31,0
DA:36,0
DA:37,0
DA:38,0
DA:39,0
DA:40,0
DA:48,0
DA:55,0
DA:58,0
LF:20
LH:0
end_of_record
SF:lib\src\view\widgets\filter_buttons.dart
DA:13,2
DA:19,2
DA:33,2
DA:34,2
DA:42,2
DA:44,2
DA:46,2
DA:47,2
DA:48,2
DA:49,2
DA:51,2
DA:52,0
DA:54,0
DA:55,0
DA:56,0
DA:59,2
DA:60,4
DA:61,4
DA:66,2
DA:69,2
DA:70,2
DA:71,4
DA:72,0
DA:73,0
DA:82,0
DA:83,0
DA:85,0
DA:86,0
DA:90,2
DA:92,2
DA:93,2
DA:98,0
DA:102,0
DA:107,0
DA:109,0
DA:110,0
DA:111,0
DA:112,0
DA:113,0
DA:131,0
LF:40
LH:21
end_of_record
SF:lib\src\view\widgets\menu_buttons.dart
DA:7,2
DA:12,2
DA:23,2
DA:25,2
DA:26,0
DA:27,0
DA:28,0
DA:29,0
DA:30,0
DA:33,0
DA:34,0
DA:36,0
DA:37,0
DA:39,0
DA:41,0
LF:15
LH:4
end_of_record
SF:lib\src\view\widgets\stats_tile.dart
DA:7,2
DA:12,2
DA:23,2
DA:25,2
DA:26,2
DA:27,2
DA:28,2
DA:29,2
DA:31,2
DA:32,2
DA:34,8
DA:39,2
DA:40,2
DA:42,8
LF:14
LH:14
end_of_record
SF:lib\src\view\helper\chucker_button.dart
DA:8,9
DA:14,2
DA:18,2
LF:3
LH:3
end_of_record
SF:lib\src\view\widgets\primary_button.dart
DA:8,11
DA:15,2
DA:32,3
DA:34,3
DA:35,3
DA:36,3
DA:37,3
DA:38,3
DA:39,3
DA:41,3
DA:42,3
DA:43,15
LF:12
LH:12
end_of_record
SF:lib\src\view\widgets\notification.dart
DA:14,0
DA:20,0
DA:34,0
DA:35,0
DA:52,0
DA:54,0
DA:55,0
DA:56,0
DA:59,0
DA:60,0
DA:61,0
DA:62,0
DA:63,0
DA:67,0
DA:70,0
DA:72,0
DA:73,0
DA:74,0
DA:75,0
DA:78,0
DA:80,0
DA:81,0
DA:82,0
DA:84,0
DA:86,0
DA:88,0
DA:89,0
DA:90,0
DA:91,0
DA:96,0
DA:97,0
DA:98,0
DA:105,0
DA:107,0
DA:108,0
DA:109,0
DA:111,0
DA:116,0
DA:119,0
DA:120,0
DA:121,0
DA:122,0
DA:124,0
DA:128,0
DA:129,0
DA:130,0
DA:135,0
DA:136,0
DA:137,0
DA:138,0
DA:140,0
DA:152,0
DA:154,0
DA:155,0
LF:54
LH:0
end_of_record
SF:lib\src\view\widgets\alignment_menu.dart
DA:7,1
DA:12,1
DA:23,1
DA:24,1
DA:28,1
DA:30,1
DA:31,1
DA:32,1
DA:33,1
DA:34,1
DA:37,4
DA:39,2
DA:40,1
DA:41,1
DA:42,1
DA:43,1
DA:44,1
DA:45,1
DA:46,1
DA:47,1
DA:48,1
DA:53,1
DA:57,1
DA:58,1
DA:59,3
DA:61,1
DA:64,1
DA:65,1
DA:67,2
DA:68,0
LF:30
LH:29
end_of_record
SF:lib\src\view\widgets\http_methods_menu.dart
DA:11,3
DA:15,3
DA:23,3
DA:24,3
DA:28,3
DA:30,3
DA:31,3
DA:32,3
DA:33,3
DA:34,3
DA:36,3
DA:37,3
DA:39,3
DA:41,3
DA:42,3
DA:43,3
DA:44,12
DA:48,6
DA:54,2
DA:55,3
DA:56,1
DA:57,1
DA:58,1
DA:59,1
DA:60,1
DA:65,1
DA:69,1
DA:70,1
DA:71,3
DA:73,1
DA:76,1
DA:77,1
DA:79,2
DA:80,0
DA:86,3
DA:87,6
DA:88,3
DA:90,3
DA:92,3
DA:94,3
DA:96,3
DA:98,3
DA:99,6
LF:43
LH:42
end_of_record
SF:lib\src\view\widgets\language_menu.dart
DA:8,1
DA:12,1
DA:20,1
DA:21,1
DA:25,1
DA:27,1
DA:28,1
DA:29,1
DA:30,1
DA:31,1
DA:34,5
DA:36,4
DA:40,1
DA:41,1
DA:42,1
DA:43,3
DA:45,1
DA:48,2
DA:49,1
DA:51,2
DA:52,0
LF:21
LH:20
end_of_record
SF:lib\src\view\widgets\apis_listing_item.dart
DA:13,2
DA:25,2
DA:57,2
DA:59,2
DA:60,2
DA:61,2
DA:63,2
DA:65,2
DA:66,2
DA:68,2
DA:69,2
DA:70,2
DA:71,4
DA:72,2
DA:73,4
DA:75,8
DA:81,2
DA:82,2
DA:83,2
DA:84,0
DA:85,2
DA:86,4
DA:87,8
DA:97,2
DA:98,2
DA:100,2
DA:101,2
DA:102,2
DA:103,2
DA:104,4
DA:105,2
DA:106,2
DA:107,8
DA:114,2
DA:115,2
DA:117,5
DA:121,2
DA:122,2
DA:123,8
DA:128,2
DA:129,8
DA:130,6
DA:131,2
DA:134,2
DA:135,4
DA:136,6
DA:137,2
LF:47
LH:46
end_of_record
SF:lib\src\helpers\status_code_map.dart
DA:2,6
LF:1
LH:1
end_of_record
SF:lib\src\view\json_tree\json_tree.dart
DA:16,2
DA:19,1
DA:23,1
DA:24,1
DA:28,1
DA:30,3
DA:34,1
DA:36,1
DA:37,1
DA:38,1
DA:39,1
DA:42,1
DA:43,3
LF:13
LH:13
end_of_record
SF:lib\src\view\json_tree\widgets\json_list.dart
DA:4,1
DA:8,1
DA:13,1
DA:14,1
DA:18,2
DA:19,3
DA:23,1
DA:25,2
DA:29,1
DA:31,1
DA:33,5
DA:34,3
DA:35,1
DA:36,1
DA:38,1
DA:39,1
DA:40,1
DA:41,1
DA:42,1
DA:43,2
DA:46,1
DA:47,2
DA:50,1
DA:52,1
DA:54,1
DA:55,1
DA:56,5
DA:59,1
DA:60,4
DA:65,1
DA:67,1
DA:68,1
DA:69,4
DA:75,1
DA:77,1
DA:78,2
DA:79,4
DA:85,1
DA:86,2
DA:87,1
LF:40
LH:40
end_of_record
SF:lib\src\view\json_tree\widgets\json_object.dart
DA:4,1
DA:8,1
DA:13,1
DA:14,1
DA:20,1
DA:22,1
DA:23,2
DA:26,1
DA:28,1
DA:29,4
DA:30,1
DA:31,4
DA:32,2
DA:33,2
DA:34,1
DA:35,1
DA:36,1
DA:37,1
DA:38,1
DA:39,3
DA:43,1
DA:44,3
DA:47,1
DA:49,1
DA:51,1
DA:52,2
DA:53,6
DA:56,1
DA:57,4
DA:62,1
DA:63,3
DA:66,1
DA:68,1
DA:69,2
DA:70,4
DA:76,1
DA:77,1
DA:78,0
DA:79,0
DA:80,0
DA:86,1
DA:87,3
DA:88,2
LF:43
LH:40
end_of_record
SF:lib\src\view\json_tree\widgets\json_value.dart
DA:4,1
DA:8,1
DA:13,1
DA:15,2
DA:16,2
DA:17,2
DA:18,0
DA:20,0
DA:25,1
DA:27,1
DA:28,3
DA:29,4
DA:34,1
DA:35,1
DA:38,4
DA:43,1
DA:44,1
DA:45,1
DA:46,1
DA:47,1
DA:48,1
DA:49,1
DA:50,0
DA:52,0
DA:57,2
DA:58,1
DA:59,2
DA:60,4
DA:65,2
DA:66,1
DA:67,2
DA:68,4
DA:73,2
DA:74,1
DA:75,2
DA:76,4
DA:77,1
DA:81,1
DA:82,2
DA:83,4
DA:90,1
DA:91,3
DA:92,1
DA:94,0
DA:95,0
DA:97,2
LF:46
LH:40
end_of_record
SF:lib\src\view\json_tree\widgets\json_root.dart
DA:4,1
DA:8,1
DA:13,1
DA:15,1
DA:18,2
DA:19,1
DA:20,1
DA:21,1
DA:24,1
DA:25,1
DA:26,1
LF:11
LH:11
end_of_record
SF:lib\src\view\tabs\overview.dart
DA:14,1
DA:17,1
DA:22,1
DA:24,1
DA:26,1
DA:27,1
DA:29,1
DA:30,1
DA:31,2
DA:32,1
DA:33,1
DA:35,1
DA:36,2
DA:37,4
DA:44,1
DA:46,1
DA:47,2
DA:48,4
DA:57,3
DA:58,3
DA:59,1
DA:62,2
DA:63,3
DA:65,1
DA:68,7
DA:69,3
DA:71,1
DA:74,3
DA:76,1
DA:79,3
DA:81,3
DA:82,1
DA:85,2
DA:87,1
DA:90,2
DA:92,1
DA:95,2
DA:97,1
DA:100,2
DA:102,1
DA:105,3
DA:106,0
DA:107,0
DA:109,1
DA:112,3
DA:113,0
DA:114,0
DA:116,1
DA:119,3
DA:126,1
DA:132,1
DA:133,1
DA:134,1
DA:136,1
DA:138,1
DA:140,3
DA:145,1
DA:147,1
DA:149,1
DA:150,1
DA:151,1
DA:152,1
DA:154,4
DA:160,1
DA:161,0
DA:162,0
DA:163,2
LF:67
LH:61
end_of_record
SF:lib\src\view\widgets\sizeable_text_button.dart
DA:8,2
DA:15,2
DA:32,2
DA:34,2
DA:35,2
DA:36,2
DA:37,2
DA:38,2
DA:39,2
DA:40,2
DA:41,2
DA:42,8
LF:12
LH:12
end_of_record
SF:lib\src\http\chucker_http_client.dart
DA:12,1
DA:32,1
DA:51,1
DA:56,1
DA:57,2
DA:58,1
DA:60,3
DA:62,3
DA:64,1
DA:67,0
DA:70,1
DA:71,1
DA:72,1
DA:73,2
DA:76,2
DA:79,1
DA:80,2
DA:81,2
DA:82,2
DA:86,3
DA:89,1
DA:99,3
DA:100,0
DA:103,1
DA:104,1
DA:106,0
DA:109,3
DA:110,1
DA:111,1
DA:112,2
DA:113,2
DA:114,1
DA:117,2
DA:118,2
DA:119,3
DA:121,1
DA:122,2
DA:123,1
DA:125,1
LF:39
LH:36
end_of_record
SF:lib\src\interceptors\dio_interceptor.dart
DA:13,1
DA:17,2
DA:18,1
DA:22,1
DA:27,0
DA:30,1
DA:31,2
DA:32,1
DA:33,2
DA:35,2
DA:36,1
DA:40,1
DA:42,0
DA:45,1
DA:46,2
DA:47,2
DA:48,2
DA:50,2
DA:51,1
DA:54,1
DA:55,3
DA:56,1
DA:57,2
DA:58,2
DA:59,2
DA:60,2
DA:61,1
DA:62,2
DA:63,2
DA:64,3
DA:65,3
DA:66,2
DA:67,3
DA:69,1
DA:71,1
DA:72,3
DA:73,2
DA:80,1
DA:81,3
DA:82,1
DA:83,4
DA:84,2
DA:85,2
DA:86,2
DA:87,2
DA:88,2
DA:89,2
DA:90,3
DA:91,3
DA:92,2
DA:93,3
DA:95,1
DA:97,1
DA:98,3
DA:99,2
LF:55
LH:53
end_of_record
