SF:lib\src\helpers\extensions.dart
DA:6,4
DA:12,2
DA:15,21
DA:21,6
DA:27,12
DA:30,12
DA:33,2
DA:39,2
DA:40,2
DA:43,2
LF:10
LH:10
end_of_record
SF:lib\src\helpers\shared_preferences_manager.dart
DA:11,8
DA:12,8
DA:19,8
DA:20,8
DA:27,6
DA:28,6
DA:30,12
DA:32,24
DA:33,3
DA:37,6
DA:38,6
DA:40,12
DA:41,12
DA:43,6
DA:48,7
DA:49,7
DA:51,14
DA:53,7
DA:59,7
DA:61,14
DA:62,14
DA:65,19
DA:70,2
DA:71,4
DA:72,10
DA:74,4
DA:76,4
DA:78,2
DA:83,1
DA:84,2
DA:85,5
DA:87,2
DA:89,2
DA:91,1
DA:96,2
DA:97,4
DA:99,4
DA:101,2
DA:108,8
DA:109,16
DA:111,8
DA:113,8
DA:119,2
DA:121,2
DA:124,6
LF:45
LH:45
end_of_record
SF:lib\src\models\api_response.dart
DA:6,8
DA:29,16
DA:30,8
DA:31,8
DA:32,8
DA:33,8
DA:34,8
DA:35,8
DA:36,8
DA:37,8
DA:38,8
DA:39,8
DA:40,8
DA:41,16
DA:42,8
DA:43,16
DA:44,8
DA:45,8
DA:46,8
DA:47,8
DA:48,8
DA:52,8
DA:53,4
DA:63,4
DA:65,4
DA:67,4
DA:132,7
DA:133,7
DA:134,7
DA:135,7
DA:136,7
DA:137,7
DA:138,7
DA:139,7
DA:140,7
DA:141,7
DA:142,7
DA:143,14
DA:144,7
DA:145,14
DA:146,7
DA:147,7
DA:148,7
DA:149,7
DA:150,7
DA:151,7
DA:152,7
DA:157,4
DA:179,4
DA:180,3
DA:181,4
DA:182,4
DA:183,4
DA:184,4
DA:185,4
DA:186,4
DA:187,4
DA:188,4
DA:189,4
DA:190,4
DA:191,4
DA:192,3
DA:193,4
DA:194,4
DA:195,4
DA:196,4
DA:197,4
DA:198,4
DA:202,2
DA:206,2
DA:207,2
DA:208,2
DA:209,2
DA:210,4
DA:211,4
DA:212,2
DA:213,2
DA:214,2
DA:215,2
DA:216,2
DA:217,2
DA:218,2
DA:219,2
DA:223,2
DA:227,4
DA:231,2
DA:232,4
DA:236,5
DA:237,10
DA:240,2
DA:245,8
DA:247,1
DA:249,2
LF:93
LH:93
end_of_record
SF:lib\src\models\settings.dart
DA:8,10
DA:24,6
DA:25,6
DA:26,3
DA:27,3
DA:28,9
DA:30,3
DA:31,9
DA:34,3
DA:35,6
DA:36,3
DA:37,3
DA:38,3
DA:39,3
DA:40,3
DA:41,3
DA:42,3
DA:43,6
DA:47,20
DA:111,3
DA:112,3
DA:113,3
DA:114,6
DA:115,6
DA:116,6
DA:117,3
DA:118,6
DA:119,6
DA:121,3
DA:122,3
DA:123,3
DA:124,3
DA:125,3
DA:126,3
DA:127,3
DA:132,3
DA:146,3
DA:147,2
DA:149,2
DA:150,1
DA:151,2
DA:152,2
DA:154,2
DA:155,2
DA:156,2
DA:157,2
DA:158,2
DA:159,2
DA:160,2
DA:164,2
DA:169,2
DA:170,6
DA:171,6
DA:172,6
DA:173,6
DA:174,6
DA:175,6
DA:176,6
DA:177,6
DA:178,6
DA:179,6
DA:180,6
DA:181,6
DA:183,1
DA:185,1
DA:186,1
DA:187,1
DA:188,1
DA:189,1
DA:190,1
DA:191,1
DA:192,1
DA:193,1
DA:194,1
DA:195,1
DA:196,1
DA:197,1
LF:77
LH:77
end_of_record
SF:lib\src\view\helper\chucker_ui_helper.dart
DA:20,6
DA:26,27
DA:30,5
DA:35,10
DA:36,10
DA:37,6
DA:38,2
DA:39,4
DA:40,2
DA:48,2
DA:53,2
DA:54,2
DA:55,2
DA:56,4
DA:57,2
DA:68,0
DA:69,0
DA:71,0
DA:74,0
DA:79,1
DA:80,2
DA:81,3
DA:82,1
DA:83,2
DA:88,1
DA:89,1
DA:90,1
DA:92,2
DA:109,21
DA:117,10
DA:120,6
DA:121,2
LF:32
LH:28
end_of_record
SF:lib\src\localization\localization.dart
DA:21,4
DA:24,4
DA:27,13
DA:33,3
DA:36,3
DA:38,3
DA:41,3
DA:45,6
DA:46,3
DA:49,3
DA:51,3
DA:53,2
LF:12
LH:12
end_of_record
SF:lib\src\helpers\status_code_map.dart
DA:2,6
LF:1
LH:1
end_of_record
SF:lib\src\view\helper\languages.dart
DA:5,16
LF:1
LH:1
end_of_record
SF:lib\src\view\helper\http_methods.dart
DA:2,16
LF:1
LH:1
end_of_record
SF:lib\src\view\api_detail_page.dart
DA:18,2
DA:23,1
DA:24,1
DA:31,1
DA:33,1
DA:34,1
DA:35,1
DA:36,1
DA:37,3
DA:38,1
DA:39,1
DA:40,1
DA:41,5
DA:45,1
DA:46,1
DA:47,4
DA:53,1
DA:55,1
DA:56,1
DA:57,1
DA:59,1
DA:61,1
DA:62,1
DA:63,3
DA:64,3
DA:65,3
DA:69,1
DA:70,1
DA:72,1
DA:73,3
DA:74,1
DA:75,1
DA:76,1
DA:77,3
DA:78,3
DA:80,1
DA:81,1
DA:82,1
DA:83,3
DA:84,3
DA:96,1
DA:97,1
DA:98,1
DA:99,3
DA:101,1
DA:102,3
DA:107,1
DA:108,1
DA:109,1
DA:110,3
DA:112,1
DA:113,3
DA:120,1
DA:125,1
DA:131,1
DA:133,2
DA:134,2
DA:135,2
DA:137,1
DA:138,1
DA:139,1
DA:140,1
DA:141,1
DA:142,1
DA:143,2
DA:144,2
DA:145,1
DA:146,1
DA:148,1
DA:149,1
DA:152,3
DA:157,1
DA:158,1
DA:159,1
DA:161,1
DA:163,1
DA:164,1
DA:177,1
DA:183,1
DA:190,1
DA:192,1
DA:193,1
DA:194,1
DA:196,1
DA:198,1
DA:199,1
DA:200,1
DA:207,1
DA:208,1
DA:209,1
DA:210,1
DA:213,1
DA:214,1
DA:216,1
DA:223,1
DA:224,3
DA:227,1
DA:228,1
DA:229,1
DA:230,2
DA:231,1
DA:232,1
DA:234,1
DA:235,1
DA:236,2
DA:245,1
DA:251,1
DA:258,1
DA:260,1
DA:261,1
DA:262,1
DA:264,1
DA:266,1
DA:267,1
DA:268,1
DA:275,1
DA:276,1
DA:277,1
DA:278,1
DA:281,1
DA:282,1
DA:284,1
DA:291,1
DA:292,3
DA:295,1
DA:296,1
DA:297,1
DA:298,2
DA:299,1
DA:300,1
DA:302,1
DA:303,1
DA:304,2
DA:312,16
LF:134
LH:134
end_of_record
SF:lib\src\view\helper\colors.dart
DA:10,5
DA:11,10
DA:13,2
DA:15,2
DA:22,6
DA:23,6
DA:24,6
DA:25,5
DA:26,5
DA:27,1
DA:28,5
DA:29,1
DA:30,5
DA:32,5
LF:14
LH:14
end_of_record
SF:lib\src\view\json_tree\widgets\json_object.dart
DA:4,2
DA:8,2
DA:13,2
DA:14,2
DA:20,2
DA:22,2
DA:23,4
DA:26,2
DA:28,2
DA:29,8
DA:30,2
DA:31,8
DA:32,4
DA:33,4
DA:34,2
DA:35,2
DA:36,2
DA:37,2
DA:38,2
DA:39,3
DA:43,2
DA:44,3
DA:47,2
DA:49,2
DA:51,1
DA:52,2
DA:53,6
DA:56,2
DA:57,6
DA:60,2
DA:61,6
DA:64,2
DA:66,2
DA:67,4
DA:68,6
DA:72,2
DA:73,2
DA:74,0
DA:75,0
DA:76,0
DA:82,2
DA:83,6
DA:84,4
LF:43
LH:40
end_of_record
SF:lib\src\view\json_tree\json_tree.dart
DA:17,3
DA:20,2
DA:24,2
DA:25,2
DA:29,2
DA:31,6
DA:35,2
DA:37,2
DA:38,2
DA:39,2
DA:40,1
DA:43,2
DA:44,4
LF:13
LH:13
end_of_record
SF:lib\src\view\json_tree\widgets\json_value.dart
DA:4,2
DA:8,2
DA:13,2
DA:14,2
DA:20,2
DA:22,6
DA:23,3
DA:24,3
DA:25,1
DA:27,3
DA:30,1
DA:32,2
DA:33,4
DA:34,3
DA:37,1
DA:38,2
DA:41,3
DA:44,2
DA:45,2
DA:46,2
DA:47,2
DA:48,2
DA:49,2
DA:50,4
DA:51,1
DA:53,3
DA:56,6
DA:57,1
DA:58,3
DA:59,3
DA:64,6
DA:65,2
DA:66,6
DA:67,6
DA:70,3
DA:71,1
DA:72,3
DA:73,3
DA:74,2
DA:78,1
DA:79,3
DA:80,3
DA:87,2
DA:88,8
DA:89,2
DA:92,1
DA:93,1
DA:96,2
DA:97,3
DA:103,2
DA:104,8
DA:105,2
DA:108,2
DA:110,2
DA:112,2
DA:114,1
DA:115,3
DA:116,2
DA:117,4
DA:119,0
DA:121,0
DA:124,4
LF:62
LH:60
end_of_record
SF:lib\src\view\json_tree\widgets\json_list.dart
DA:4,1
DA:8,1
DA:13,1
DA:14,1
DA:18,2
DA:19,3
DA:23,1
DA:25,2
DA:29,1
DA:31,1
DA:33,5
DA:34,3
DA:35,1
DA:36,1
DA:38,1
DA:39,1
DA:40,1
DA:41,1
DA:42,1
DA:43,2
DA:46,1
DA:47,2
DA:50,1
DA:52,1
DA:54,1
DA:55,1
DA:56,5
DA:59,1
DA:60,3
DA:63,1
DA:65,1
DA:66,1
DA:67,3
DA:71,1
DA:73,1
DA:74,2
DA:75,4
DA:81,1
DA:82,2
DA:83,1
LF:40
LH:40
end_of_record
SF:lib\src\view\json_tree\widgets\json_root.dart
DA:4,2
DA:8,2
DA:13,2
DA:15,2
DA:18,4
DA:19,1
DA:20,1
DA:21,1
DA:24,2
DA:25,2
DA:26,2
LF:11
LH:11
end_of_record
SF:lib\src\view\tabs\overview.dart
DA:14,1
DA:17,1
DA:22,1
DA:24,1
DA:26,1
DA:27,1
DA:29,1
DA:30,1
DA:31,2
DA:32,1
DA:33,1
DA:35,1
DA:36,2
DA:37,4
DA:41,1
DA:43,1
DA:44,2
DA:45,4
DA:51,3
DA:52,3
DA:53,1
DA:56,2
DA:57,3
DA:59,1
DA:62,7
DA:63,3
DA:65,1
DA:68,3
DA:70,1
DA:73,3
DA:75,3
DA:76,1
DA:79,2
DA:81,1
DA:84,2
DA:86,1
DA:89,2
DA:91,1
DA:94,2
DA:96,1
DA:99,3
DA:100,0
DA:101,0
DA:103,1
DA:106,3
DA:107,0
DA:108,0
DA:110,1
DA:113,3
DA:120,1
DA:126,1
DA:127,1
DA:128,1
DA:130,1
DA:132,1
DA:134,2
DA:139,1
DA:141,1
DA:143,1
DA:144,1
DA:145,1
DA:146,1
DA:148,3
DA:152,1
DA:153,0
DA:154,0
DA:155,2
LF:67
LH:61
end_of_record
SF:lib\src\view\widgets\app_bar.dart
DA:7,4
DA:11,4
DA:19,4
DA:20,4
DA:22,4
DA:28,4
DA:30,4
DA:32,4
DA:34,8
DA:35,4
DA:36,4
DA:37,4
DA:39,4
DA:42,8
DA:44,8
LF:15
LH:15
end_of_record
SF:lib\src\view\widgets\sizeable_text_button.dart
DA:8,2
DA:15,2
DA:32,2
DA:34,2
DA:35,2
DA:36,2
DA:37,2
DA:38,2
DA:39,2
DA:40,2
DA:41,8
LF:11
LH:11
end_of_record
SF:lib\src\view\chucker_page.dart
DA:20,18
DA:22,3
DA:23,3
DA:44,3
DA:45,3
DA:46,9
DA:47,6
DA:50,3
DA:52,3
DA:53,3
DA:56,3
DA:58,3
DA:59,3
DA:60,0
DA:61,3
DA:62,3
DA:63,3
DA:68,3
DA:70,3
DA:71,0
DA:72,0
DA:76,3
DA:77,6
DA:78,3
DA:79,3
DA:83,3
DA:85,3
DA:87,3
DA:88,3
DA:89,6
DA:92,3
DA:93,6
DA:94,3
DA:96,3
DA:97,3
DA:98,3
DA:99,9
DA:100,6
DA:101,3
DA:103,3
DA:104,9
DA:105,6
DA:106,3
DA:108,3
DA:109,6
DA:110,6
DA:111,3
DA:118,3
DA:119,0
DA:120,0
DA:122,1
DA:123,3
DA:125,3
DA:126,3
DA:129,3
DA:131,3
DA:132,3
DA:133,3
DA:134,12
DA:136,3
DA:139,3
DA:140,3
DA:142,3
DA:143,3
DA:144,3
DA:145,3
DA:146,3
DA:147,6
DA:148,3
DA:150,3
DA:152,3
DA:153,3
DA:154,3
DA:155,6
DA:156,3
DA:167,3
DA:168,15
DA:170,3
DA:171,6
DA:172,9
DA:173,12
DA:174,15
DA:176,6
DA:177,3
DA:181,3
DA:182,3
DA:183,3
DA:184,3
DA:187,3
DA:190,3
DA:191,6
DA:192,9
DA:193,12
DA:194,15
DA:196,4
DA:197,3
DA:201,0
DA:202,0
DA:203,0
DA:204,0
DA:207,3
DA:210,18
DA:212,1
DA:214,2
DA:215,2
DA:216,1
DA:217,2
DA:218,2
DA:225,1
DA:226,2
DA:227,1
DA:228,7
DA:233,1
DA:235,2
DA:236,2
DA:237,1
DA:238,2
DA:239,2
DA:246,0
DA:247,0
DA:248,0
DA:249,0
DA:250,0
DA:251,0
DA:252,0
DA:253,0
DA:254,0
DA:260,1
DA:261,2
DA:262,2
DA:263,1
DA:264,4
DA:265,2
DA:268,1
DA:272,0
DA:273,0
DA:274,0
DA:278,3
DA:279,15
DA:281,6
DA:287,1
DA:288,2
DA:289,0
DA:293,2
DA:294,5
DA:295,3
DA:301,3
LF:147
LH:125
end_of_record
SF:lib\src\view\settings_page.dart
DA:18,17
DA:20,1
DA:21,1
DA:27,1
DA:29,1
DA:30,1
DA:31,1
DA:32,1
DA:33,0
DA:35,1
DA:37,1
DA:39,1
DA:40,3
DA:42,1
DA:43,2
DA:44,2
DA:45,1
DA:47,2
DA:48,1
DA:49,1
DA:54,1
DA:55,2
DA:56,2
DA:58,6
DA:59,1
DA:64,4
DA:65,4
DA:66,1
DA:67,3
DA:72,1
DA:73,2
DA:74,2
DA:75,1
DA:76,2
DA:77,1
DA:78,1
DA:79,1
DA:89,3
DA:91,1
DA:92,2
DA:93,2
DA:94,1
DA:95,2
DA:96,1
DA:97,1
DA:103,1
DA:104,2
DA:105,2
DA:106,1
DA:108,2
DA:109,1
DA:110,1
DA:118,3
DA:120,1
DA:121,2
DA:123,5
DA:124,2
DA:125,2
DA:126,1
DA:131,3
DA:132,3
DA:133,1
DA:134,2
DA:142,3
DA:144,1
DA:145,2
DA:146,2
DA:147,1
DA:149,2
DA:150,1
DA:151,1
DA:159,3
DA:161,1
DA:162,2
DA:163,2
DA:164,1
DA:165,2
DA:166,1
DA:167,1
DA:180,1
DA:194,3
DA:208,3
DA:209,2
DA:212,1
DA:213,3
DA:215,3
DA:217,0
DA:219,0
DA:221,0
DA:223,0
DA:225,0
DA:227,0
DA:229,0
DA:235,1
DA:243,1
DA:244,1
DA:245,1
DA:247,1
DA:248,1
DA:249,1
DA:251,1
DA:252,1
DA:254,3
DA:257,1
DA:259,3
DA:261,1
DA:265,1
DA:267,1
DA:268,3
DA:269,4
DA:276,1
DA:277,1
DA:284,1
DA:288,1
DA:290,1
DA:291,1
DA:297,1
DA:298,1
DA:300,3
DA:301,1
DA:302,1
DA:312,1
DA:313,1
DA:315,5
LF:124
LH:116
end_of_record
SF:lib\src\view\tabs\apis_listing.dart
DA:9,3
DA:16,3
DA:33,3
DA:34,3
DA:38,3
DA:40,9
DA:41,3
DA:42,9
DA:45,3
DA:46,3
DA:47,9
DA:48,3
DA:49,3
DA:50,3
DA:51,3
DA:52,3
DA:53,3
DA:54,6
DA:55,3
DA:56,6
DA:57,6
DA:58,8
DA:61,2
DA:62,9
LF:24
LH:24
end_of_record
SF:lib\src\view\widgets\confirmation_dialog.dart
DA:8,1
DA:14,1
DA:21,1
DA:23,1
DA:24,2
DA:25,2
DA:26,1
DA:27,1
DA:28,0
DA:29,1
DA:30,2
DA:31,3
DA:34,1
DA:35,2
DA:36,3
DA:37,1
DA:38,1
DA:46,1
DA:53,1
DA:56,2
LF:20
LH:19
end_of_record
SF:lib\src\view\widgets\filter_buttons.dart
DA:13,3
DA:19,3
DA:33,3
DA:34,3
DA:42,3
DA:44,3
DA:46,3
DA:47,3
DA:48,3
DA:49,3
DA:51,3
DA:52,1
DA:54,1
DA:55,1
DA:56,2
DA:59,3
DA:60,6
DA:61,6
DA:66,3
DA:69,3
DA:70,3
DA:71,6
DA:72,2
DA:73,5
DA:82,1
DA:83,1
DA:85,3
DA:86,3
DA:90,3
DA:92,4
DA:93,3
DA:98,1
DA:102,1
DA:107,1
DA:109,1
DA:111,1
DA:112,2
DA:113,2
DA:114,3
DA:132,1
LF:40
LH:40
end_of_record
SF:lib\src\view\widgets\menu_buttons.dart
DA:7,3
DA:12,3
DA:23,3
DA:25,3
DA:26,1
DA:27,1
DA:28,2
DA:29,1
DA:30,2
DA:33,2
DA:34,1
DA:36,1
DA:38,3
DA:40,1
DA:43,3
LF:15
LH:15
end_of_record
SF:lib\src\view\widgets\stats_tile.dart
DA:7,3
DA:12,3
DA:23,3
DA:25,3
DA:26,3
DA:27,3
DA:28,3
DA:29,3
DA:31,3
DA:32,3
DA:34,9
DA:37,3
DA:38,3
DA:40,9
LF:14
LH:14
end_of_record
SF:lib\src\view\helper\chucker_button.dart
DA:8,16
DA:14,2
DA:18,2
LF:3
LH:3
end_of_record
SF:lib\src\view\widgets\primary_button.dart
DA:8,20
DA:15,4
DA:32,5
DA:34,5
DA:35,5
DA:36,5
DA:37,5
DA:38,5
DA:39,5
DA:41,5
DA:42,5
DA:43,20
LF:12
LH:12
end_of_record
SF:lib\src\view\widgets\notification.dart
DA:13,2
DA:19,2
DA:33,2
DA:34,2
DA:39,4
DA:40,4
DA:42,2
DA:44,4
DA:47,2
DA:48,4
DA:51,2
DA:53,2
DA:54,2
DA:55,10
DA:56,2
DA:57,6
DA:61,4
DA:62,0
DA:63,0
DA:64,0
DA:65,0
DA:71,2
DA:73,2
DA:75,0
DA:76,0
DA:77,0
DA:80,0
DA:82,2
DA:83,2
DA:84,2
DA:86,2
DA:88,2
DA:90,2
DA:91,2
DA:92,2
DA:93,6
DA:98,2
DA:99,2
DA:100,2
DA:107,2
DA:109,2
DA:110,2
DA:111,6
DA:113,6
DA:116,2
DA:117,2
DA:120,2
DA:121,2
DA:122,6
DA:123,4
DA:124,2
DA:125,8
DA:128,2
DA:129,4
DA:130,4
DA:136,2
DA:137,0
DA:138,0
DA:139,0
DA:141,4
DA:153,2
DA:155,4
DA:156,2
LF:63
LH:52
end_of_record
SF:lib\src\view\image_preview_dialog.dart
DA:8,2
DA:13,1
DA:15,1
DA:16,1
DA:17,1
DA:19,1
DA:20,3
DA:21,3
DA:22,1
DA:23,1
DA:24,1
DA:25,1
DA:26,1
DA:27,2
DA:29,1
DA:32,1
DA:33,2
DA:34,3
DA:40,1
DA:42,1
DA:45,2
LF:21
LH:21
end_of_record
SF:lib\src\view\widgets\alignment_menu.dart
DA:7,1
DA:12,1
DA:23,1
DA:24,1
DA:28,1
DA:30,1
DA:31,1
DA:32,1
DA:33,1
DA:34,1
DA:37,4
DA:39,2
DA:40,1
DA:41,1
DA:42,1
DA:43,1
DA:44,1
DA:45,1
DA:46,1
DA:47,1
DA:48,1
DA:53,1
DA:57,1
DA:58,1
DA:59,3
DA:61,1
DA:64,1
DA:65,1
DA:67,2
DA:68,0
LF:30
LH:29
end_of_record
SF:lib\src\view\widgets\http_methods_menu.dart
DA:11,4
DA:15,4
DA:23,4
DA:24,4
DA:28,4
DA:30,4
DA:31,4
DA:33,4
DA:34,4
DA:35,4
DA:37,4
DA:38,4
DA:40,4
DA:42,4
DA:43,4
DA:44,4
DA:45,12
DA:47,8
DA:53,2
DA:54,3
DA:55,1
DA:56,1
DA:57,1
DA:58,1
DA:59,1
DA:64,1
DA:68,1
DA:69,1
DA:70,3
DA:72,1
DA:75,1
DA:76,1
DA:78,2
DA:79,0
DA:85,4
DA:86,8
DA:87,4
DA:89,4
DA:91,4
DA:93,4
DA:95,4
DA:97,4
DA:98,8
LF:43
LH:42
end_of_record
SF:lib\src\view\widgets\language_menu.dart
DA:8,1
DA:12,1
DA:20,1
DA:21,1
DA:25,1
DA:27,1
DA:28,1
DA:29,1
DA:30,1
DA:31,1
DA:34,5
DA:36,4
DA:40,1
DA:41,1
DA:42,1
DA:43,3
DA:45,1
DA:48,2
DA:49,1
DA:51,2
DA:52,0
LF:21
LH:20
end_of_record
SF:lib\src\view\widgets\apis_listing_item.dart
DA:13,3
DA:25,3
DA:57,3
DA:59,3
DA:61,3
DA:62,3
DA:64,3
DA:66,3
DA:67,3
DA:69,3
DA:70,3
DA:71,3
DA:72,6
DA:73,3
DA:74,6
DA:76,9
DA:80,3
DA:81,3
DA:82,3
DA:83,5
DA:84,3
DA:85,6
DA:86,9
DA:94,3
DA:95,3
DA:97,3
DA:98,3
DA:99,3
DA:100,3
DA:101,6
DA:102,3
DA:103,3
DA:104,6
DA:105,3
DA:106,3
DA:110,3
DA:111,3
DA:113,5
DA:117,3
DA:118,3
DA:119,9
DA:122,3
DA:123,13
DA:124,9
DA:127,3
DA:128,6
DA:129,9
LF:47
LH:47
end_of_record
SF:lib\src\http\chucker_http_client.dart
DA:12,1
DA:32,1
DA:51,1
DA:56,1
DA:57,2
DA:58,3
DA:60,1
DA:62,3
DA:64,3
DA:66,1
DA:68,1
DA:69,3
DA:72,1
DA:73,1
DA:74,1
DA:75,2
DA:78,2
DA:81,1
DA:82,2
DA:83,2
DA:84,2
DA:88,3
DA:91,1
DA:101,3
DA:102,1
DA:105,1
DA:106,1
DA:109,1
DA:110,1
DA:114,3
DA:115,1
DA:116,1
DA:117,2
DA:118,2
DA:119,1
DA:122,2
DA:123,2
DA:124,3
DA:126,1
DA:127,2
DA:128,1
DA:130,1
DA:139,1
DA:141,2
DA:146,1
DA:148,8
DA:149,1
DA:150,2
DA:151,4
LF:49
LH:49
end_of_record
SF:lib\src\interceptors\chopper_interceptor.dart
DA:14,1
DA:15,3
DA:17,1
DA:18,1
DA:19,3
DA:20,1
DA:21,4
DA:23,2
DA:28,1
DA:32,2
DA:33,1
DA:37,3
DA:38,1
DA:39,1
DA:40,4
DA:41,4
DA:42,3
DA:43,1
DA:45,1
DA:46,3
DA:48,5
DA:51,2
DA:53,1
DA:55,1
DA:56,3
DA:64,1
DA:65,4
DA:66,4
DA:68,3
DA:71,1
DA:72,3
DA:73,1
DA:74,2
DA:78,3
DA:79,2
DA:80,3
DA:85,1
DA:87,2
DA:92,1
DA:94,8
DA:95,1
DA:96,2
DA:97,4
LF:43
LH:43
end_of_record
SF:lib\src\interceptors\dio_interceptor.dart
DA:13,1
DA:17,2
DA:18,1
DA:22,1
DA:26,1
DA:27,1
DA:30,1
DA:31,2
DA:32,1
DA:33,2
DA:35,2
DA:36,1
DA:40,1
DA:41,1
DA:42,1
DA:45,1
DA:46,2
DA:47,2
DA:48,2
DA:50,2
DA:51,1
DA:54,1
DA:55,3
DA:56,1
DA:57,2
DA:58,2
DA:59,2
DA:60,2
DA:61,1
DA:62,2
DA:63,2
DA:64,3
DA:65,3
DA:66,2
DA:67,1
DA:68,3
DA:71,1
DA:73,1
DA:74,3
DA:75,2
DA:82,1
DA:83,3
DA:84,1
DA:85,4
DA:86,2
DA:87,2
DA:88,2
DA:89,2
DA:90,2
DA:91,2
DA:92,3
DA:93,3
DA:94,2
DA:95,1
DA:96,3
DA:99,1
DA:101,1
DA:102,3
DA:103,2
DA:110,1
DA:111,2
DA:115,1
DA:116,7
DA:117,1
DA:118,7
DA:120,2
LF:66
LH:66
end_of_record
